<?xml version="1.0" encoding="UTF-8"?>
<!-- Generated by org.testng.reporters.JUnitXMLReporter -->
<testsuite hostname="NPF0SKRSD" ignored="0" name="MyTest" tests="2" failures="1" timestamp="17 Jul 2018 11:21:47 GMT" time="19.841" errors="0">
  <testcase name="loginWithInvalidPassword" time="1.156" classname="scripts.web.Login"/>
  <testcase name="loginWithInvalidPassword" time="1.624" classname="scripts.web.Login">
    <failure type="java.lang.NullPointerException">
      <![CDATA[java.lang.NullPointerException
	at businessLogic.webpages.LoginPage.verifyInvalidErrorMessage(LoginPage.java:48)
	at scripts.web.Login.loginWithInvalidPassword(Login.java:16)
	at java.util.concurrent.FutureTask.run(FutureTask.java:266)
	at java.util.concurrent.ThreadPoolExecutor.runWorker(ThreadPoolExecutor.java:1149)
	at java.util.concurrent.ThreadPoolExecutor$Worker.run(ThreadPoolExecutor.java:624)
	at java.lang.Thread.run(Thread.java:748)
... Removed 16 stack frames]]>
    </failure>
  </testcase> <!-- loginWithInvalidPassword -->
</testsuite> <!-- MyTest -->
