<?xml version="1.0" encoding="UTF-8"?>
<!-- Generated by org.testng.reporters.JUnitXMLReporter -->
<testsuite hostname="swapnil" ignored="3" name="Chrome suite" tests="4" failures="3" timestamp="25 Aug 2018 08:11:49 GMT" time="56.387" errors="0">
  <testcase name="loginWithInvalidPassword" time="1.304" classname="scripts.web.Login"/>
  <testcase name="loginWithInvalidPassword" time="3.276" classname="scripts.web.Login">
    <failure type="java.lang.NullPointerException">
      <![CDATA[java.lang.NullPointerException
at businessLogic.webpages.LoginPage.verifyInvalidErrorMessage(LoginPage.java:48)
at scripts.web.Login.loginWithInvalidPassword(Login.java:19)
at java.util.concurrent.FutureTask.run(Unknown Source)
at java.util.concurrent.ThreadPoolExecutor.runWorker(Unknown Source)
at java.util.concurrent.ThreadPoolExecutor$Worker.run(Unknown Source)
at java.lang.Thread.run(Unknown Source)
... Removed 16 stack frames]]>
    </failure>
  </testcase> <!-- loginWithInvalidPassword -->
  <testcase name="goToMenu" time="1.566" classname="scripts.web.Home">
    <failure type="java.lang.NullPointerException">
      <![CDATA[java.lang.NullPointerException
at businessLogic.webpages.HomePage.goToMenu(HomePage.java:45)
at scripts.web.Home.goToMenu(Home.java:33)
at java.util.concurrent.FutureTask.run(Unknown Source)
at java.util.concurrent.ThreadPoolExecutor.runWorker(Unknown Source)
at java.util.concurrent.ThreadPoolExecutor$Worker.run(Unknown Source)
at java.lang.Thread.run(Unknown Source)
... Removed 16 stack frames]]>
    </failure>
  </testcase> <!-- goToMenu -->
  <testcase name="verifyHomePageMainMenus" time="0.483" classname="scripts.web.Home">
    <failure type="java.lang.AssertionError" message="Lists differ at element [0]: ELECTRONICS != Electronics expected [ELECTRONICS] but found [Electronics]">
      <![CDATA[java.lang.AssertionError: Lists differ at element [0]: ELECTRONICS != Electronics expected [ELECTRONICS] but found [Electronics]
at scripts.web.Home.verifyHomePageMainMenus(Home.java:26)
at java.util.concurrent.FutureTask.run(Unknown Source)
at java.util.concurrent.ThreadPoolExecutor.runWorker(Unknown Source)
at java.util.concurrent.ThreadPoolExecutor$Worker.run(Unknown Source)
at java.lang.Thread.run(Unknown Source)
... Removed 21 stack frames]]>
    </failure>
  </testcase> <!-- verifyHomePageMainMenus -->
  <testcase name="@BeforeSuite getdriver" time="0.0" classname="driverCreation.TestBase">
    <ignored/>
  </testcase> <!-- @BeforeSuite getdriver -->
  <testcase name="@AfterTest tearDown" time="0.0" classname="driverCreation.TestBase">
    <ignored/>
  </testcase> <!-- @AfterTest tearDown -->
  <testcase name="@BeforeTest beforeTestSetUp" time="0.0" classname="driverCreation.TestBase">
    <ignored/>
  </testcase> <!-- @BeforeTest beforeTestSetUp -->
</testsuite> <!-- Chrome suite -->
