<?xml version="1.0" encoding="UTF-8"?>
<!-- Generated by org.testng.reporters.JUnitXMLReporter -->
<testsuite hostname="swapnil" ignored="0" name="Firefox suite" tests="2" failures="2" timestamp="26 Aug 2018 03:08:04 GMT" time="83.633" errors="0">
  <testcase name="goToMenu" time="0.919" classname="scripts.web.Home">
    <failure type="java.lang.IllegalArgumentException" message="Must provide a location for a move action.">
      <![CDATA[java.lang.IllegalArgumentException: Must provide a location for a move action.
at org.openqa.selenium.interactions.MoveMouseAction.<init>(MoveMouseAction.java:38)
at org.openqa.selenium.interactions.Actions.moveToElement(Actions.java:388)
at driverCreation.WebElementLocator.moveToElement(WebElementLocator.java:140)
at businessLogic.webpages.HomePage.goToMenu(HomePage.java:44)
at scripts.web.Home.goToMenu(Home.java:32)
at java.util.concurrent.FutureTask.run(Unknown Source)
at java.util.concurrent.ThreadPoolExecutor.runWorker(Unknown Source)
at java.util.concurrent.ThreadPoolExecutor$Worker.run(Unknown Source)
at java.lang.Thread.run(Unknown Source)
... Removed 16 stack frames]]>
    </failure>
  </testcase> <!-- goToMenu -->
  <testcase name="verifyHomePageMainMenus" time="1.232" classname="scripts.web.Home">
    <failure type="java.lang.AssertionError" message="Lists differ at element [6]: SPORTS,BOOKS &amp;amp; MORE != SPORTS, BOOKS &amp;amp; MORE expected [SPORTS,BOOKS &amp;amp; MORE] but found [SPORTS, BOOKS &amp;amp; MORE]">
      <![CDATA[java.lang.AssertionError: Lists differ at element [6]: SPORTS,BOOKS & MORE != SPORTS, BOOKS & MORE expected [SPORTS,BOOKS & MORE] but found [SPORTS, BOOKS & MORE]
at scripts.web.Home.verifyHomePageMainMenus(Home.java:25)
at java.util.concurrent.FutureTask.run(Unknown Source)
at java.util.concurrent.ThreadPoolExecutor.runWorker(Unknown Source)
at java.util.concurrent.ThreadPoolExecutor$Worker.run(Unknown Source)
at java.lang.Thread.run(Unknown Source)
... Removed 21 stack frames]]>
    </failure>
  </testcase> <!-- verifyHomePageMainMenus -->
</testsuite> <!-- Firefox suite -->
