<?xml version="1.0" encoding="UTF-8"?>
<!-- Generated by org.testng.reporters.JUnitXMLReporter -->
<testsuite hostname="swapnil" ignored="0" name="IE suite" tests="2" failures="1" timestamp="26 Aug 2018 03:07:33 GMT" time="52.14" errors="0">
  <testcase name="loginWithInvalidPassword" time="0.982" classname="scripts.web.Login"/>
  <testcase name="loginWithInvalidPassword" time="1.788" classname="scripts.web.Login">
    <failure type="java.lang.NullPointerException">
      <![CDATA[java.lang.NullPointerException
at businessLogic.webpages.LoginPage.verifyInvalidErrorMessage(LoginPage.java:49)
at scripts.web.Login.loginWithInvalidPassword(Login.java:18)
at java.util.concurrent.FutureTask.run(Unknown Source)
at java.util.concurrent.ThreadPoolExecutor.runWorker(Unknown Source)
at java.util.concurrent.ThreadPoolExecutor$Worker.run(Unknown Source)
at java.lang.Thread.run(Unknown Source)
... Removed 16 stack frames]]>
    </failure>
  </testcase> <!-- loginWithInvalidPassword -->
</testsuite> <!-- IE suite -->
