<?xml version="1.0" encoding="UTF-8"?>
<!-- Generated by org.testng.reporters.JUnitXMLReporter -->
<testsuite hostname="NPF0SKRSD" ignored="3" name="Regression suite" tests="4" failures="4" timestamp="02 Nov 2017 06:22:03 GMT" time="50.07" errors="0">
  <testcase name="loginWithInvalidPassword" time="3.915" classname="scripts.Login">
    <failure type="java.lang.NullPointerException">
      <![CDATA[java.lang.NullPointerException
	at businessLogic.LoginPage.enterEmailAddress(LoginPage.java:29)
	at businessLogic.LoginPage.doLogin(LoginPage.java:18)
	at scripts.Login.loginWithInvalidPassword(Login.java:15)
	at java.util.concurrent.FutureTask.run(FutureTask.java:266)
	at java.util.concurrent.ThreadPoolExecutor.runWorker(ThreadPoolExecutor.java:1149)
	at java.util.concurrent.ThreadPoolExecutor$Worker.run(ThreadPoolExecutor.java:624)
	at java.lang.Thread.run(Thread.java:748)
... Removed 16 stack frames]]>
    </failure>
  </testcase> <!-- loginWithInvalidPassword -->
  <testcase name="loginWithInvalidPassword" time="1.052" classname="scripts.Login">
    <failure type="java.lang.NullPointerException">
      <![CDATA[java.lang.NullPointerException
	at businessLogic.LoginPage.enterEmailAddress(LoginPage.java:29)
	at businessLogic.LoginPage.doLogin(LoginPage.java:18)
	at scripts.Login.loginWithInvalidPassword(Login.java:15)
	at java.util.concurrent.FutureTask.run(FutureTask.java:266)
	at java.util.concurrent.ThreadPoolExecutor.runWorker(ThreadPoolExecutor.java:1149)
	at java.util.concurrent.ThreadPoolExecutor$Worker.run(ThreadPoolExecutor.java:624)
	at java.lang.Thread.run(Thread.java:748)
... Removed 16 stack frames]]>
    </failure>
  </testcase> <!-- loginWithInvalidPassword -->
  <testcase name="goToMenu" time="0.0" classname="scripts.Home">
    <failure type="java.lang.NullPointerException">
      <![CDATA[java.lang.NullPointerException
	at scripts.Home.goToMenu(Home.java:27)
	at java.util.concurrent.FutureTask.run(FutureTask.java:266)
	at java.util.concurrent.ThreadPoolExecutor.runWorker(ThreadPoolExecutor.java:1149)
	at java.util.concurrent.ThreadPoolExecutor$Worker.run(ThreadPoolExecutor.java:624)
	at java.lang.Thread.run(Thread.java:748)
... Removed 16 stack frames]]>
    </failure>
  </testcase> <!-- goToMenu -->
  <testcase name="verifyHomePageMainMenus" time="0.003" classname="scripts.Home">
    <failure type="java.lang.NullPointerException">
      <![CDATA[java.lang.NullPointerException
	at scripts.Home.verifyHomePageMainMenus(Home.java:20)
	at java.util.concurrent.FutureTask.run(FutureTask.java:266)
	at java.util.concurrent.ThreadPoolExecutor.runWorker(ThreadPoolExecutor.java:1149)
	at java.util.concurrent.ThreadPoolExecutor$Worker.run(ThreadPoolExecutor.java:624)
	at java.lang.Thread.run(Thread.java:748)
... Removed 16 stack frames]]>
    </failure>
  </testcase> <!-- verifyHomePageMainMenus -->
  <testcase name="@BeforeSuite getdriver" time="0.0" classname="driverCreation.TestBase">
    <ignored/>
  </testcase> <!-- @BeforeSuite getdriver -->
  <testcase name="@AfterSuite tearDown" time="0.0" classname="driverCreation.TestBase">
    <ignored/>
  </testcase> <!-- @AfterSuite tearDown -->
  <testcase name="@BeforeTest beforeTestSetUp" time="0.0" classname="driverCreation.TestBase">
    <ignored/>
  </testcase> <!-- @BeforeTest beforeTestSetUp -->
</testsuite> <!-- Regression suite -->
