<?xml version="1.0" encoding="UTF-8"?>
<testsuite xmlns:xsi="http://www.w3.org/2001/XMLSchema-instance" xsi:noNamespaceSchemaLocation="https://maven.apache.org/surefire/maven-surefire-plugin/xsd/surefire-test-report.xsd" name="TestSuite" time="9.503" tests="3" errors="0" skipped="0" failures="3">
  <properties>
[...]
</properties>
  <testcase name="beforeTestSetUp" classname="scripts.web.Login" time="7.659">
    <failure message="Unexpected error launching Internet Explorer. Browser zoom level was set to 150%. It should be set to 100% (WARNING: The server did not provide any stacktrace information)&#10;Command duration or timeout: 4.98 seconds&#10;Build info: version: &apos;3.11.0&apos;, revision: &apos;e59cfb3&apos;, time: &apos;2018-03-11T20:26:55.152Z&apos;&#10;System info: host: &apos;NPF0SKRSD&apos;, ip: &apos;192.168.0.104&apos;, os.name: &apos;Windows 10&apos;, os.arch: &apos;amd64&apos;, os.version: &apos;10.0&apos;, java.version: &apos;1.8.0_144&apos;&#10;Driver info: driver.version: InternetExplorerDriver" type="org.openqa.selenium.NoSuchSessionException">org.openqa.selenium.NoSuchSessionException: 
Unexpected error launching Internet Explorer. Browser zoom level was set to 150%. It should be set to 100% (WARNING: The server did not provide any stacktrace information)
Command duration or timeout: 4.98 seconds
Build info: version: '3.11.0', revision: 'e59cfb3', time: '2018-03-11T20:26:55.152Z'
System info: host: 'NPF0SKRSD', ip: '192.168.0.104', os.name: 'Windows 10', os.arch: 'amd64', os.version: '10.0', java.version: '1.8.0_144'
Driver info: driver.version: InternetExplorerDriver
</failure>
    <system-out><![CDATA[INFO    2018-08-03 20:43:46,788 [TestNG-tests-1] driverCreation.WebElementLocator  - *************Setting Chrome Path****************
INFO    2018-08-03 20:43:46,788 [TestNG-tests-2] driverCreation.WebElementLocator  - *************Setting Firefox Path****************
]]></system-out>
    <system-err><![CDATA[log4j:WARN No appenders could be found for logger (driverCreation.TestBase).
log4j:WARN Please initialize the log4j system properly.
log4j:WARN See http://logging.apache.org/log4j/1.2/faq.html#noconfig for more info.
Started InternetExplorerDriver server (32-bit)
3.3.0.0
Listening on port 22160
Only local connections are allowed
Starting ChromeDriver 2.33.506120 (e3e53437346286c0bc2d2dc9aa4915ba81d9023f) on port 23256
Only local connections are allowed.
Aug 03, 2018 8:43:51 PM org.openqa.selenium.remote.ProtocolHandshake createSession
INFO: Detected dialect: OSS
]]></system-err>
  </testcase>
  <testcase name="setUpBeforeBaseMethod" classname="scripts.web.Login" time="8.272">
    <failure type="java.lang.NullPointerException">java.lang.NullPointerException
</failure>
    <system-out><![CDATA[[[Ljava.lang.String;@616fe253
[[Ljava.lang.String;@1235d625
[[Ljava.lang.String;@616fe253
[[Ljava.lang.String;@616fe253
[[Ljava.lang.String;@616fe253
[[Ljava.lang.String;@616fe253
[[Ljava.lang.String;@616fe253
INFO    2018-08-03 20:43:54,183 [TestNG-tests-2] driverCreation.TestBase  - ****************Opening Flipkart*****************
]]></system-out>
    <system-err><![CDATA[[Utils] [ERROR] [Error] java.lang.IllegalStateException: Cannot get a NUMERIC value from a STRING cell
	at org.apache.poi.xssf.usermodel.XSSFCell.typeMismatch(XSSFCell.java:1077)
	at org.apache.poi.xssf.usermodel.XSSFCell.getNumericCellValue(XSSFCell.java:307)
	at utility.ExcelUtils.getCellData(ExcelUtils.java:67)
	at utility.ExcelUtils.getTabArray(ExcelUtils.java:40)
	at utility.DataproviderRegistry.Authentication(DataproviderRegistry.java:10)
	at sun.reflect.NativeMethodAccessorImpl.invoke0(Native Method)
	at sun.reflect.NativeMethodAccessorImpl.invoke(NativeMethodAccessorImpl.java:62)
	at sun.reflect.DelegatingMethodAccessorImpl.invoke(DelegatingMethodAccessorImpl.java:43)
	at java.lang.reflect.Method.invoke(Method.java:498)
	at org.testng.internal.MethodInvocationHelper.invokeMethod(MethodInvocationHelper.java:124)
	at org.testng.internal.MethodInvocationHelper.invokeMethod(MethodInvocationHelper.java:74)
	at org.testng.internal.MethodInvocationHelper.invokeMethodNoCheckedException(MethodInvocationHelper.java:45)
	at org.testng.internal.MethodInvocationHelper.invokeDataProvider(MethodInvocationHelper.java:131)
	at org.testng.internal.Parameters.handleParameters(Parameters.java:706)
	at org.testng.internal.ParameterHandler.handleParameters(ParameterHandler.java:49)
	at org.testng.internal.ParameterHandler.createParameters(ParameterHandler.java:37)
	at org.testng.internal.Invoker.invokeTestMethods(Invoker.java:924)
	at org.testng.internal.TestMethodWorker.invokeTestMethods(TestMethodWorker.java:125)
	at org.testng.internal.TestMethodWorker.run(TestMethodWorker.java:109)
	at org.testng.TestRunner.privateRun(TestRunner.java:648)
	at org.testng.TestRunner.run(TestRunner.java:505)
	at org.testng.SuiteRunner.runTest(SuiteRunner.java:455)
	at org.testng.SuiteRunner.access$000(SuiteRunner.java:40)
	at org.testng.SuiteRunner$SuiteWorker.run(SuiteRunner.java:489)
	at org.testng.internal.thread.ThreadUtil$1.call(ThreadUtil.java:52)
	at java.util.concurrent.FutureTask.run(FutureTask.java:266)
	at java.util.concurrent.ThreadPoolExecutor.runWorker(ThreadPoolExecutor.java:1149)
	at java.util.concurrent.ThreadPoolExecutor$Worker.run(ThreadPoolExecutor.java:624)
	at java.lang.Thread.run(Thread.java:748)

]]></system-err>
  </testcase>
  <testcase name="tearDown" classname="scripts.web.Login" time="8.557">
    <failure type="java.lang.NullPointerException">java.lang.NullPointerException
</failure>
  </testcase>
</testsuite>